
Showing All Errors Only

Build target axiom_shsat of project axiom_shsat with configuration Debug

SwiftEmitModule normal arm64 Emitting\ module\ for\ axiom_shsat (in target 'axiom_shsat' from project 'axiom_shsat')
    cd /Users/imran/GitRepos/axiom_shsat
    builtin-swiftTaskExecution -- /Applications/Xcode.app/Contents/Developer/Toolchains/XcodeDefault.xctoolchain/usr/bin/swift-frontend -frontend -emit-module -experimental-skip-non-inlinable-function-bodies-without-types /Users/imran/GitRepos/axiom_shsat/axiom_shsat/App/AppDelegate.swift /Users/imran/GitRepos/axiom_shsat/axiom_shsat/App/SHSAT_PrepperApp.swift /Users/imran/GitRepos/axiom_shsat/axiom_shsat/Models/Question.swift /Users/imran/GitRepos/axiom_shsat/axiom_shsat/Models/QuestionResponse.swift /Users/imran/GitRepos/axiom_shsat/axiom_shsat/Models/TestSession.swift /Users/imran/GitRepos/axiom_shsat/axiom_shsat/Models/TopicProgress.swift /Users/imran/GitRepos/axiom_shsat/axiom_shsat/Models/UserProfile.swift /Users/imran/GitRepos/axiom_shsat/axiom_shsat/Services/AnalyticsService.swift /Users/imran/GitRepos/axiom_shsat/axiom_shsat/Services/AuthenticationService.swift /Users/imran/GitRepos/axiom_shsat/axiom_shsat/Services/CloudKitService.swift /Users/imran/GitRepos/axiom_shsat/axiom_shsat/Services/QuestionService.swift /Users/imran/GitRepos/axiom_shsat/axiom_shsat/Utilities/Extensions/ColorExtensions.swift /Users/imran/GitRepos/axiom_shsat/axiom_shsat/Utilities/Extensions/DateExtensions.swift /Users/imran/GitRepos/axiom_shsat/axiom_shsat/Utilities/Helpers/ErrorHandler.swift /Users/imran/GitRepos/axiom_shsat/axiom_shsat/Utilities/Helpers/MathFormatter.swift /Users/imran/GitRepos/axiom_shsat/axiom_shsat/ViewModels/Analytics/PerformanceChartView.swift /Users/imran/GitRepos/axiom_shsat/axiom_shsat/ViewModels/Analytics/ProgressView.swift /Users/imran/GitRepos/axiom_shsat/axiom_shsat/ViewModels/Analytics/TopicBreakdownView.swift /Users/imran/GitRepos/axiom_shsat/axiom_shsat/ViewModels/AuthViewModel.swift /Users/imran/GitRepos/axiom_shsat/axiom_shsat/ViewModels/HomeViewModel.swift /Users/imran/GitRepos/axiom_shsat/axiom_shsat/ViewModels/ProfileViewModel.swift /Users/imran/GitRepos/axiom_shsat/axiom_shsat/ViewModels/ProgressViewModel.swift /Users/imran/GitRepos/axiom_shsat/axiom_shsat/ViewModels/TestSessionViewModel.swift /Users/imran/GitRepos/axiom_shsat/axiom_shsat/Views/Authentication/AuthenticationView.swift /Users/imran/GitRepos/axiom_shsat/axiom_shsat/Views/Authentication/SignInWithAppleButton.swift /Users/imran/GitRepos/axiom_shsat/axiom_shsat/Views/Components/ActionButton.swift /Users/imran/GitRepos/axiom_shsat/axiom_shsat/Views/Components/CircularProgressView.swift /Users/imran/GitRepos/axiom_shsat/axiom_shsat/Views/Components/MathView.swift /Users/imran/GitRepos/axiom_shsat/axiom_shsat/Views/Home/DashboardView.swift /Users/imran/GitRepos/axiom_shsat/axiom_shsat/Views/Home/HomeView.swift /Users/imran/GitRepos/axiom_shsat/axiom_shsat/Views/Home/RecommendationRow.swift /Users/imran/GitRepos/axiom_shsat/axiom_shsat/Views/Practice/QuestionView.swift /Users/imran/GitRepos/axiom_shsat/axiom_shsat/Views/Practice/TestConfigurationView.swift /Users/imran/GitRepos/axiom_shsat/axiom_shsat/Views/Practice/TestResultsView.swift /Users/imran/GitRepos/axiom_shsat/axiom_shsat/Views/Practice/TestSessionView.swift /Users/imran/GitRepos/axiom_shsat/axiom_shsat/Views/Profile/ProfileView.swift /Users/imran/Library/Developer/Xcode/DerivedData/axiom_shsat-ewavnqtjcbvtwzalylmwycqsirlf/Build/Intermediates.noindex/axiom_shsat.build/Debug-iphonesimulator/axiom_shsat.build/DerivedSources/GeneratedAssetSymbols.swift -target arm64-apple-ios18.2-simulator -Xllvm -aarch64-use-tbi -enable-objc-interop -sdk /Applications/Xcode.app/Contents/Developer/Platforms/iPhoneSimulator.platform/Developer/SDKs/iPhoneSimulator18.2.sdk -I /Users/imran/Library/Developer/Xcode/DerivedData/axiom_shsat-ewavnqtjcbvtwzalylmwycqsirlf/Build/Products/Debug-iphonesimulator -F /Users/imran/Library/Developer/Xcode/DerivedData/axiom_shsat-ewavnqtjcbvtwzalylmwycqsirlf/Build/Products/Debug-iphonesimulator/PackageFrameworks -F /Users/imran/Library/Developer/Xcode/DerivedData/axiom_shsat-ewavnqtjcbvtwzalylmwycqsirlf/Build/Products/Debug-iphonesimulator -no-color-diagnostics -enable-testing -g -debug-info-format\=dwarf -dwarf-version\=5 -module-cache-path /Users/imran/Library/Developer/Xcode/DerivedData/ModuleCache.noindex -swift-version 5 -enforce-exclusivity\=checked -Onone -D DEBUG -serialize-debugging-options -const-gather-protocols-file /Users/imran/Library/Developer/Xcode/DerivedData/axiom_shsat-ewavnqtjcbvtwzalylmwycqsirlf/Build/Intermediates.noindex/axiom_shsat.build/Debug-iphonesimulator/axiom_shsat.build/Objects-normal/arm64/axiom_shsat_const_extract_protocols.json -enable-experimental-feature DebugDescriptionMacro -enable-experimental-feature OpaqueTypeErasure -enable-bare-slash-regex -empty-abi-descriptor -validate-clang-modules-once -clang-build-session-file /Users/imran/Library/Developer/Xcode/DerivedData/ModuleCache.noindex/Session.modulevalidation -Xcc -working-directory -Xcc /Users/imran/GitRepos/axiom_shsat -resource-dir /Applications/Xcode.app/Contents/Developer/Toolchains/XcodeDefault.xctoolchain/usr/lib/swift -enable-anonymous-context-mangled-names -file-compilation-dir /Users/imran/GitRepos/axiom_shsat -Xcc -D_LIBCPP_HARDENING_MODE\=_LIBCPP_HARDENING_MODE_DEBUG -Xcc -ivfsstatcache -Xcc /Users/imran/Library/Developer/Xcode/DerivedData/SDKStatCaches.noindex/iphonesimulator18.2-22C146-07b28473f605e47e75261259d3ef3b5a.sdkstatcache -Xcc -I/Users/imran/Library/Developer/Xcode/DerivedData/axiom_shsat-ewavnqtjcbvtwzalylmwycqsirlf/Build/Intermediates.noindex/axiom_shsat.build/Debug-iphonesimulator/axiom_shsat.build/swift-overrides.hmap -Xcc -iquote -Xcc /Users/imran/Library/Developer/Xcode/DerivedData/axiom_shsat-ewavnqtjcbvtwzalylmwycqsirlf/Build/Intermediates.noindex/axiom_shsat.build/Debug-iphonesimulator/axiom_shsat.build/axiom_shsat-generated-files.hmap -Xcc -I/Users/imran/Library/Developer/Xcode/DerivedData/axiom_shsat-ewavnqtjcbvtwzalylmwycqsirlf/Build/Intermediates.noindex/axiom_shsat.build/Debug-iphonesimulator/axiom_shsat.build/axiom_shsat-own-target-headers.hmap -Xcc -I/Users/imran/Library/Developer/Xcode/DerivedData/axiom_shsat-ewavnqtjcbvtwzalylmwycqsirlf/Build/Intermediates.noindex/axiom_shsat.build/Debug-iphonesimulator/axiom_shsat.build/axiom_shsat-all-non-framework-target-headers.hmap -Xcc -ivfsoverlay -Xcc /Users/imran/Library/Developer/Xcode/DerivedData/axiom_shsat-ewavnqtjcbvtwzalylmwycqsirlf/Build/Intermediates.noindex/axiom_shsat.build/Debug-iphonesimulator/axiom_shsat-751118db650c7a11cc97f55353d0f766-VFS-iphonesimulator/all-product-headers.yaml -Xcc -iquote -Xcc /Users/imran/Library/Developer/Xcode/DerivedData/axiom_shsat-ewavnqtjcbvtwzalylmwycqsirlf/Build/Intermediates.noindex/axiom_shsat.build/Debug-iphonesimulator/axiom_shsat.build/axiom_shsat-project-headers.hmap -Xcc -I/Users/imran/Library/Developer/Xcode/DerivedData/axiom_shsat-ewavnqtjcbvtwzalylmwycqsirlf/Build/Products/Debug-iphonesimulator/include -Xcc -I/Users/imran/Library/Developer/Xcode/DerivedData/axiom_shsat-ewavnqtjcbvtwzalylmwycqsirlf/Build/Intermediates.noindex/axiom_shsat.build/Debug-iphonesimulator/axiom_shsat.build/DerivedSources-normal/arm64 -Xcc -I/Users/imran/Library/Developer/Xcode/DerivedData/axiom_shsat-ewavnqtjcbvtwzalylmwycqsirlf/Build/Intermediates.noindex/axiom_shsat.build/Debug-iphonesimulator/axiom_shsat.build/DerivedSources/arm64 -Xcc -I/Users/imran/Library/Developer/Xcode/DerivedData/axiom_shsat-ewavnqtjcbvtwzalylmwycqsirlf/Build/Intermediates.noindex/axiom_shsat.build/Debug-iphonesimulator/axiom_shsat.build/DerivedSources -Xcc -DDEBUG\=1 -module-name axiom_shsat -frontend-parseable-output -disable-clang-spi -target-sdk-version 18.2 -target-sdk-name iphonesimulator18.2 -external-plugin-path /Applications/Xcode.app/Contents/Developer/Platforms/iPhoneOS.platform/Developer/usr/lib/swift/host/plugins\#/Applications/Xcode.app/Contents/Developer/Platforms/iPhoneOS.platform/Developer/usr/bin/swift-plugin-server -external-plugin-path /Applications/Xcode.app/Contents/Developer/Platforms/iPhoneOS.platform/Developer/usr/local/lib/swift/host/plugins\#/Applications/Xcode.app/Contents/Developer/Platforms/iPhoneOS.platform/Developer/usr/bin/swift-plugin-server -plugin-path /Applications/Xcode.app/Contents/Developer/Toolchains/XcodeDefault.xctoolchain/usr/lib/swift/host/plugins -plugin-path /Applications/Xcode.app/Contents/Developer/Toolchains/XcodeDefault.xctoolchain/usr/local/lib/swift/host/plugins -emit-module-doc-path /Users/imran/Library/Developer/Xcode/DerivedData/axiom_shsat-ewavnqtjcbvtwzalylmwycqsirlf/Build/Intermediates.noindex/axiom_shsat.build/Debug-iphonesimulator/axiom_shsat.build/Objects-normal/arm64/axiom_shsat.swiftdoc -emit-module-source-info-path /Users/imran/Library/Developer/Xcode/DerivedData/axiom_shsat-ewavnqtjcbvtwzalylmwycqsirlf/Build/Intermediates.noindex/axiom_shsat.build/Debug-iphonesimulator/axiom_shsat.build/Objects-normal/arm64/axiom_shsat.swiftsourceinfo -emit-objc-header-path /Users/imran/Library/Developer/Xcode/DerivedData/axiom_shsat-ewavnqtjcbvtwzalylmwycqsirlf/Build/Intermediates.noindex/axiom_shsat.build/Debug-iphonesimulator/axiom_shsat.build/Objects-normal/arm64/axiom_shsat-Swift.h -serialize-diagnostics-path /Users/imran/Library/Developer/Xcode/DerivedData/axiom_shsat-ewavnqtjcbvtwzalylmwycqsirlf/Build/Intermediates.noindex/axiom_shsat.build/Debug-iphonesimulator/axiom_shsat.build/Objects-normal/arm64/axiom_shsat-master-emit-module.dia -emit-dependencies-path /Users/imran/Library/Developer/Xcode/DerivedData/axiom_shsat-ewavnqtjcbvtwzalylmwycqsirlf/Build/Intermediates.noindex/axiom_shsat.build/Debug-iphonesimulator/axiom_shsat.build/Objects-normal/arm64/axiom_shsat-master-emit-module.d -o /Users/imran/Library/Developer/Xcode/DerivedData/axiom_shsat-ewavnqtjcbvtwzalylmwycqsirlf/Build/Intermediates.noindex/axiom_shsat.build/Debug-iphonesimulator/axiom_shsat.build/Objects-normal/arm64/axiom_shsat.swiftmodule -emit-abi-descriptor-path /Users/imran/Library/Developer/Xcode/DerivedData/axiom_shsat-ewavnqtjcbvtwzalylmwycqsirlf/Build/Intermediates.noindex/axiom_shsat.build/Debug-iphonesimulator/axiom_shsat.build/Objects-normal/arm64/axiom_shsat.abi.json

EmitSwiftModule normal arm64 (in target 'axiom_shsat' from project 'axiom_shsat')
    cd /Users/imran/GitRepos/axiom_shsat
    /Applications/Xcode.app/Contents/Developer/Toolchains/XcodeDefault.xctoolchain/usr/bin/swift-frontend -emit-module -experimental-skip-non-inlinable-function-bodies-without-types /Users/imran/GitRepos/axiom_shsat/axiom_shsat/App/AppDelegate.swift /Users/imran/GitRepos/axiom_shsat/axiom_shsat/App/SHSAT_PrepperApp.swift /Users/imran/GitRepos/axiom_shsat/axiom_shsat/Models/Question.swift /Users/imran/GitRepos/axiom_shsat/axiom_shsat/Models/QuestionResponse.swift /Users/imran/GitRepos/axiom_shsat/axiom_shsat/Models/TestSession.swift /Users/imran/GitRepos/axiom_shsat/axiom_shsat/Models/TopicProgress.swift /Users/imran/GitRepos/axiom_shsat/axiom_shsat/Models/UserProfile.swift /Users/imran/GitRepos/axiom_shsat/axiom_shsat/Services/AnalyticsService.swift /Users/imran/GitRepos/axiom_shsat/axiom_shsat/Services/AuthenticationService.swift /Users/imran/GitRepos/axiom_shsat/axiom_shsat/Services/CloudKitService.swift /Users/imran/GitRepos/axiom_shsat/axiom_shsat/Services/QuestionService.swift /Users/imran/GitRepos/axiom_shsat/axiom_shsat/Utilities/Extensions/ColorExtensions.swift /Users/imran/GitRepos/axiom_shsat/axiom_shsat/Utilities/Extensions/DateExtensions.swift /Users/imran/GitRepos/axiom_shsat/axiom_shsat/Utilities/Helpers/ErrorHandler.swift /Users/imran/GitRepos/axiom_shsat/axiom_shsat/Utilities/Helpers/MathFormatter.swift /Users/imran/GitRepos/axiom_shsat/axiom_shsat/ViewModels/Analytics/PerformanceChartView.swift /Users/imran/GitRepos/axiom_shsat/axiom_shsat/ViewModels/Analytics/ProgressView.swift /Users/imran/GitRepos/axiom_shsat/axiom_shsat/ViewModels/Analytics/TopicBreakdownView.swift /Users/imran/GitRepos/axiom_shsat/axiom_shsat/ViewModels/AuthViewModel.swift /Users/imran/GitRepos/axiom_shsat/axiom_shsat/ViewModels/HomeViewModel.swift /Users/imran/GitRepos/axiom_shsat/axiom_shsat/ViewModels/ProfileViewModel.swift /Users/imran/GitRepos/axiom_shsat/axiom_shsat/ViewModels/ProgressViewModel.swift /Users/imran/GitRepos/axiom_shsat/axiom_shsat/ViewModels/TestSessionViewModel.swift /Users/imran/GitRepos/axiom_shsat/axiom_shsat/Views/Authentication/AuthenticationView.swift /Users/imran/GitRepos/axiom_shsat/axiom_shsat/Views/Authentication/SignInWithAppleButton.swift /Users/imran/GitRepos/axiom_shsat/axiom_shsat/Views/Components/ActionButton.swift /Users/imran/GitRepos/axiom_shsat/axiom_shsat/Views/Components/CircularProgressView.swift /Users/imran/GitRepos/axiom_shsat/axiom_shsat/Views/Components/MathView.swift /Users/imran/GitRepos/axiom_shsat/axiom_shsat/Views/Home/DashboardView.swift /Users/imran/GitRepos/axiom_shsat/axiom_shsat/Views/Home/HomeView.swift /Users/imran/GitRepos/axiom_shsat/axiom_shsat/Views/Home/RecommendationRow.swift /Users/imran/GitRepos/axiom_shsat/axiom_shsat/Views/Practice/QuestionView.swift /Users/imran/GitRepos/axiom_shsat/axiom_shsat/Views/Practice/TestConfigurationView.swift /Users/imran/GitRepos/axiom_shsat/axiom_shsat/Views/Practice/TestResultsView.swift /Users/imran/GitRepos/axiom_shsat/axiom_shsat/Views/Practice/TestSessionView.swift /Users/imran/GitRepos/axiom_shsat/axiom_shsat/Views/Profile/ProfileView.swift /Users/imran/Library/Developer/Xcode/DerivedData/axiom_shsat-ewavnqtjcbvtwzalylmwycqsirlf/Build/Intermediates.noindex/axiom_shsat.build/Debug-iphonesimulator/axiom_shsat.build/DerivedSources/GeneratedAssetSymbols.swift -target arm64-apple-ios18.2-simulator -Xllvm -aarch64-use-tbi -enable-objc-interop -sdk /Applications/Xcode.app/Contents/Developer/Platforms/iPhoneSimulator.platform/Developer/SDKs/iPhoneSimulator18.2.sdk -I /Users/imran/Library/Developer/Xcode/DerivedData/axiom_shsat-ewavnqtjcbvtwzalylmwycqsirlf/Build/Products/Debug-iphonesimulator -F /Users/imran/Library/Developer/Xcode/DerivedData/axiom_shsat-ewavnqtjcbvtwzalylmwycqsirlf/Build/Products/Debug-iphonesimulator/PackageFrameworks -F /Users/imran/Library/Developer/Xcode/DerivedData/axiom_shsat-ewavnqtjcbvtwzalylmwycqsirlf/Build/Products/Debug-iphonesimulator -no-color-diagnostics -enable-testing -g -debug-info-format\=dwarf -dwarf-version\=5 -module-cache-path /Users/imran/Library/Developer/Xcode/DerivedData/ModuleCache.noindex -swift-version 5 -enforce-exclusivity\=checked -Onone -D DEBUG -serialize-debugging-options -const-gather-protocols-file /Users/imran/Library/Developer/Xcode/DerivedData/axiom_shsat-ewavnqtjcbvtwzalylmwycqsirlf/Build/Intermediates.noindex/axiom_shsat.build/Debug-iphonesimulator/axiom_shsat.build/Objects-normal/arm64/axiom_shsat_const_extract_protocols.json -enable-experimental-feature DebugDescriptionMacro -enable-experimental-feature OpaqueTypeErasure -enable-bare-slash-regex -empty-abi-descriptor -validate-clang-modules-once -clang-build-session-file /Users/imran/Library/Developer/Xcode/DerivedData/ModuleCache.noindex/Session.modulevalidation -Xcc -working-directory -Xcc /Users/imran/GitRepos/axiom_shsat -resource-dir /Applications/Xcode.app/Contents/Developer/Toolchains/XcodeDefault.xctoolchain/usr/lib/swift -enable-anonymous-context-mangled-names -file-compilation-dir /Users/imran/GitRepos/axiom_shsat -Xcc -D_LIBCPP_HARDENING_MODE\=_LIBCPP_HARDENING_MODE_DEBUG -Xcc -ivfsstatcache -Xcc /Users/imran/Library/Developer/Xcode/DerivedData/SDKStatCaches.noindex/iphonesimulator18.2-22C146-07b28473f605e47e75261259d3ef3b5a.sdkstatcache -Xcc -I/Users/imran/Library/Developer/Xcode/DerivedData/axiom_shsat-ewavnqtjcbvtwzalylmwycqsirlf/Build/Intermediates.noindex/axiom_shsat.build/Debug-iphonesimulator/axiom_shsat.build/swift-overrides.hmap -Xcc -iquote -Xcc /Users/imran/Library/Developer/Xcode/DerivedData/axiom_shsat-ewavnqtjcbvtwzalylmwycqsirlf/Build/Intermediates.noindex/axiom_shsat.build/Debug-iphonesimulator/axiom_shsat.build/axiom_shsat-generated-files.hmap -Xcc -I/Users/imran/Library/Developer/Xcode/DerivedData/axiom_shsat-ewavnqtjcbvtwzalylmwycqsirlf/Build/Intermediates.noindex/axiom_shsat.build/Debug-iphonesimulator/axiom_shsat.build/axiom_shsat-own-target-headers.hmap -Xcc -I/Users/imran/Library/Developer/Xcode/DerivedData/axiom_shsat-ewavnqtjcbvtwzalylmwycqsirlf/Build/Intermediates.noindex/axiom_shsat.build/Debug-iphonesimulator/axiom_shsat.build/axiom_shsat-all-non-framework-target-headers.hmap -Xcc -ivfsoverlay -Xcc /Users/imran/Library/Developer/Xcode/DerivedData/axiom_shsat-ewavnqtjcbvtwzalylmwycqsirlf/Build/Intermediates.noindex/axiom_shsat.build/Debug-iphonesimulator/axiom_shsat-751118db650c7a11cc97f55353d0f766-VFS-iphonesimulator/all-product-headers.yaml -Xcc -iquote -Xcc /Users/imran/Library/Developer/Xcode/DerivedData/axiom_shsat-ewavnqtjcbvtwzalylmwycqsirlf/Build/Intermediates.noindex/axiom_shsat.build/Debug-iphonesimulator/axiom_shsat.build/axiom_shsat-project-headers.hmap -Xcc -I/Users/imran/Library/Developer/Xcode/DerivedData/axiom_shsat-ewavnqtjcbvtwzalylmwycqsirlf/Build/Products/Debug-iphonesimulator/include -Xcc -I/Users/imran/Library/Developer/Xcode/DerivedData/axiom_shsat-ewavnqtjcbvtwzalylmwycqsirlf/Build/Intermediates.noindex/axiom_shsat.build/Debug-iphonesimulator/axiom_shsat.build/DerivedSources-normal/arm64 -Xcc -I/Users/imran/Library/Developer/Xcode/DerivedData/axiom_shsat-ewavnqtjcbvtwzalylmwycqsirlf/Build/Intermediates.noindex/axiom_shsat.build/Debug-iphonesimulator/axiom_shsat.build/DerivedSources/arm64 -Xcc -I/Users/imran/Library/Developer/Xcode/DerivedData/axiom_shsat-ewavnqtjcbvtwzalylmwycqsirlf/Build/Intermediates.noindex/axiom_shsat.build/Debug-iphonesimulator/axiom_shsat.build/DerivedSources -Xcc -DDEBUG\=1 -module-name axiom_shsat -frontend-parseable-output -disable-clang-spi -target-sdk-version 18.2 -target-sdk-name iphonesimulator18.2 -external-plugin-path /Applications/Xcode.app/Contents/Developer/Platforms/iPhoneOS.platform/Developer/usr/lib/swift/host/plugins\#/Applications/Xcode.app/Contents/Developer/Platforms/iPhoneOS.platform/Developer/usr/bin/swift-plugin-server -external-plugin-path /Applications/Xcode.app/Contents/Developer/Platforms/iPhoneOS.platform/Developer/usr/local/lib/swift/host/plugins\#/Applications/Xcode.app/Contents/Developer/Platforms/iPhoneOS.platform/Developer/usr/bin/swift-plugin-server -plugin-path /Applications/Xcode.app/Contents/Developer/Toolchains/XcodeDefault.xctoolchain/usr/lib/swift/host/plugins -plugin-path /Applications/Xcode.app/Contents/Developer/Toolchains/XcodeDefault.xctoolchain/usr/local/lib/swift/host/plugins -emit-module-doc-path /Users/imran/Library/Developer/Xcode/DerivedData/axiom_shsat-ewavnqtjcbvtwzalylmwycqsirlf/Build/Intermediates.noindex/axiom_shsat.build/Debug-iphonesimulator/axiom_shsat.build/Objects-normal/arm64/axiom_shsat.swiftdoc -emit-module-source-info-path /Users/imran/Library/Developer/Xcode/DerivedData/axiom_shsat-ewavnqtjcbvtwzalylmwycqsirlf/Build/Intermediates.noindex/axiom_shsat.build/Debug-iphonesimulator/axiom_shsat.build/Objects-normal/arm64/axiom_shsat.swiftsourceinfo -emit-objc-header-path /Users/imran/Library/Developer/Xcode/DerivedData/axiom_shsat-ewavnqtjcbvtwzalylmwycqsirlf/Build/Intermediates.noindex/axiom_shsat.build/Debug-iphonesimulator/axiom_shsat.build/Objects-normal/arm64/axiom_shsat-Swift.h -serialize-diagnostics-path /Users/imran/Library/Developer/Xcode/DerivedData/axiom_shsat-ewavnqtjcbvtwzalylmwycqsirlf/Build/Intermediates.noindex/axiom_shsat.build/Debug-iphonesimulator/axiom_shsat.build/Objects-normal/arm64/axiom_shsat-master-emit-module.dia -emit-dependencies-path /Users/imran/Library/Developer/Xcode/DerivedData/axiom_shsat-ewavnqtjcbvtwzalylmwycqsirlf/Build/Intermediates.noindex/axiom_shsat.build/Debug-iphonesimulator/axiom_shsat.build/Objects-normal/arm64/axiom_shsat-master-emit-module.d -o /Users/imran/Library/Developer/Xcode/DerivedData/axiom_shsat-ewavnqtjcbvtwzalylmwycqsirlf/Build/Intermediates.noindex/axiom_shsat.build/Debug-iphonesimulator/axiom_shsat.build/Objects-normal/arm64/axiom_shsat.swiftmodule -emit-abi-descriptor-path /Users/imran/Library/Developer/Xcode/DerivedData/axiom_shsat-ewavnqtjcbvtwzalylmwycqsirlf/Build/Intermediates.noindex/axiom_shsat.build/Debug-iphonesimulator/axiom_shsat.build/Objects-normal/arm64/axiom_shsat.abi.json

/Users/imran/GitRepos/axiom_shsat/axiom_shsat/Views/Authentication/AuthenticationView.swift:169:81: error: cannot pass array of type '[UserProfile.Type]' as variadic arguments of type 'any PersistentModel.Type'
        .environmentObject(AuthViewModel(modelContext: try! ModelContainer(for: [UserProfile.self]).mainContext))
                                                                                ^
/Users/imran/GitRepos/axiom_shsat/axiom_shsat/Views/Authentication/AuthenticationView.swift:169:81: note: remove brackets to pass array elements directly
        .environmentObject(AuthViewModel(modelContext: try! ModelContainer(for: [UserProfile.self]).mainContext))
                                                                                ^                ~
                                                                                                 
/Users/imran/GitRepos/axiom_shsat/axiom_shsat/Views/Authentication/SignInWithAppleButton.swift:135:6: warning: previewLayout is ignored in a #Preview macro. Use the `traits` argument of the macro to provide the desired layout, e.g. `.sizeThatFitsLayout.
    .previewLayout(.sizeThatFits)
     ^
/Users/imran/GitRepos/axiom_shsat/axiom_shsat/Views/Home/HomeView.swift:485:51: error: cannot pass array of type '[any PersistentModel.Type]' as variadic arguments of type 'any PersistentModel.Type'
    let modelContainer = try! ModelContainer(for: [
                                                  ^
/Users/imran/GitRepos/axiom_shsat/axiom_shsat/Views/Home/HomeView.swift:485:51: note: remove brackets to pass array elements directly
    let modelContainer = try! ModelContainer(for: [
                                                  ^
                                                  
/Users/imran/GitRepos/axiom_shsat/axiom_shsat/Views/Home/RecommendationRow.swift:107:5: error: 'buildExpression' is unavailable: this expression does not conform to 'View'
    dummyTopic.questionsAttempted = 25
    ^~~~~~~~~~
SwiftUICore.ViewBuilder:5:24: note: 'buildExpression' has been explicitly marked unavailable here
    public static func buildExpression(_ invalid: Any) -> some View
                       ^
/Users/imran/GitRepos/axiom_shsat/axiom_shsat/Views/Home/RecommendationRow.swift:108:5: error: 'buildExpression' is unavailable: this expression does not conform to 'View'
    dummyTopic.correctAnswers = 15
    ^~~~~~~~~~
SwiftUICore.ViewBuilder:5:24: note: 'buildExpression' has been explicitly marked unavailable here
    public static func buildExpression(_ invalid: Any) -> some View
                       ^
/Users/imran/GitRepos/axiom_shsat/axiom_shsat/Views/Home/RecommendationRow.swift:109:5: error: 'buildExpression' is unavailable: this expression does not conform to 'View'
    dummyTopic.lastPracticed = Date().addingTimeInterval(-86400)
    ^~~~~~~~~~
SwiftUICore.ViewBuilder:5:24: note: 'buildExpression' has been explicitly marked unavailable here
    public static func buildExpression(_ invalid: Any) -> some View
                       ^
/Users/imran/GitRepos/axiom_shsat/axiom_shsat/Views/Home/RecommendationRow.swift:114:9: error: 'buildExpression' is unavailable: this expression does not conform to 'View'
        lowTopic.questionsAttempted = 10
        ^~~~~~~~
SwiftUICore.ViewBuilder:5:24: note: 'buildExpression' has been explicitly marked unavailable here
    public static func buildExpression(_ invalid: Any) -> some View
                       ^
/Users/imran/GitRepos/axiom_shsat/axiom_shsat/Views/Home/RecommendationRow.swift:115:9: error: 'buildExpression' is unavailable: this expression does not conform to 'View'
        lowTopic.correctAnswers = 2
        ^~~~~~~~
SwiftUICore.ViewBuilder:5:24: note: 'buildExpression' has been explicitly marked unavailable here
    public static func buildExpression(_ invalid: Any) -> some View
                       ^
/Users/imran/GitRepos/axiom_shsat/axiom_shsat/Views/Home/RecommendationRow.swift:116:9: error: 'buildExpression' is unavailable: this expression does not conform to 'View'
        lowTopic.lastPracticed = Date().addingTimeInterval(-86400 * 7)
        ^~~~~~~~
SwiftUICore.ViewBuilder:5:24: note: 'buildExpression' has been explicitly marked unavailable here
    public static func buildExpression(_ invalid: Any) -> some View
                       ^
/Users/imran/GitRepos/axiom_shsat/axiom_shsat/Views/Home/RecommendationRow.swift:124:9: error: 'buildExpression' is unavailable: this expression does not conform to 'View'
        medTopic.questionsAttempted = 20
        ^~~~~~~~
SwiftUICore.ViewBuilder:5:24: note: 'buildExpression' has been explicitly marked unavailable here
    public static func buildExpression(_ invalid: Any) -> some View
                       ^
/Users/imran/GitRepos/axiom_shsat/axiom_shsat/Views/Home/RecommendationRow.swift:125:9: error: 'buildExpression' is unavailable: this expression does not conform to 'View'
        medTopic.correctAnswers = 10
        ^~~~~~~~
SwiftUICore.ViewBuilder:5:24: note: 'buildExpression' has been explicitly marked unavailable here
    public static func buildExpression(_ invalid: Any) -> some View
                       ^
/Users/imran/GitRepos/axiom_shsat/axiom_shsat/Views/Home/RecommendationRow.swift:126:9: error: 'buildExpression' is unavailable: this expression does not conform to 'View'
        medTopic.lastPracticed = Date().addingTimeInterval(-86400 * 2)
        ^~~~~~~~
SwiftUICore.ViewBuilder:5:24: note: 'buildExpression' has been explicitly marked unavailable here
    public static func buildExpression(_ invalid: Any) -> some View
                       ^
/Users/imran/GitRepos/axiom_shsat/axiom_shsat/Views/Home/RecommendationRow.swift:134:9: error: 'buildExpression' is unavailable: this expression does not conform to 'View'
        highTopic.questionsAttempted = 30
        ^~~~~~~~~
SwiftUICore.ViewBuilder:5:24: note: 'buildExpression' has been explicitly marked unavailable here
    public static func buildExpression(_ invalid: Any) -> some View
                       ^
/Users/imran/GitRepos/axiom_shsat/axiom_shsat/Views/Home/RecommendationRow.swift:135:9: error: 'buildExpression' is unavailable: this expression does not conform to 'View'
        highTopic.correctAnswers = 27
        ^~~~~~~~~
SwiftUICore.ViewBuilder:5:24: note: 'buildExpression' has been explicitly marked unavailable here
    public static func buildExpression(_ invalid: Any) -> some View
                       ^
/Users/imran/GitRepos/axiom_shsat/axiom_shsat/Views/Home/RecommendationRow.swift:136:9: error: 'buildExpression' is unavailable: this expression does not conform to 'View'
        highTopic.lastPracticed = Date()
        ^~~~~~~~~
SwiftUICore.ViewBuilder:5:24: note: 'buildExpression' has been explicitly marked unavailable here
    public static func buildExpression(_ invalid: Any) -> some View
                       ^
/Users/imran/GitRepos/axiom_shsat/axiom_shsat/Views/Practice/QuestionView.swift:369:51: error: cannot pass array of type '[any PersistentModel.Type]' as variadic arguments of type 'any PersistentModel.Type'
    let modelContainer = try! ModelContainer(for: [
                                                  ^
/Users/imran/GitRepos/axiom_shsat/axiom_shsat/Views/Practice/QuestionView.swift:369:51: note: remove brackets to pass array elements directly
    let modelContainer = try! ModelContainer(for: [
                                                  ^
                                                  
/Users/imran/GitRepos/axiom_shsat/axiom_shsat/Views/Practice/TestConfigurationView.swift:195:51: error: cannot pass array of type '[any PersistentModel.Type]' as variadic arguments of type 'any PersistentModel.Type'
    let modelContainer = try! ModelContainer(for: [
                                                  ^
/Users/imran/GitRepos/axiom_shsat/axiom_shsat/Views/Practice/TestConfigurationView.swift:195:51: note: remove brackets to pass array elements directly
    let modelContainer = try! ModelContainer(for: [
                                                  ^
                                                  
/Users/imran/GitRepos/axiom_shsat/axiom_shsat/ViewModels/Analytics/TopicBreakdownView.swift:298:8: error: invalid redeclaration of 'ProficiencyBadge'
struct ProficiencyBadge: View {
       ^
/Users/imran/GitRepos/axiom_shsat/axiom_shsat/Views/Home/RecommendationRow.swift:72:8: note: 'ProficiencyBadge' previously declared here
struct ProficiencyBadge: View {
       ^
/Users/imran/GitRepos/axiom_shsat/axiom_shsat/Views/Home/RecommendationRow.swift:72:8: note: 'ProficiencyBadge' previously declared here
struct ProficiencyBadge: View {
       ^
/Users/imran/GitRepos/axiom_shsat/axiom_shsat/ViewModels/TestSessionViewModel.swift:245:17: error: extensions must not contain stored properties
    private var _topic: String?
                ^
/Users/imran/GitRepos/axiom_shsat/axiom_shsat/ViewModels/TestSessionViewModel.swift:246:17: error: extensions must not contain stored properties
    private var _difficulty: String?
                ^
/Users/imran/GitRepos/axiom_shsat/axiom_shsat/ViewModels/TestSessionViewModel.swift:247:17: error: extensions must not contain stored properties
    private var _questionCount: Int = 10
                ^

/Users/imran/GitRepos/axiom_shsat/axiom_shsat/Views/Authentication/AuthenticationView.swift:169:81: Cannot pass array of type '[UserProfile.Type]' as variadic arguments of type 'any PersistentModel.Type'

/Users/imran/GitRepos/axiom_shsat/axiom_shsat/Views/Home/HomeView.swift:485:51: Cannot pass array of type '[any PersistentModel.Type]' as variadic arguments of type 'any PersistentModel.Type'

/Users/imran/GitRepos/axiom_shsat/axiom_shsat/Views/Home/RecommendationRow.swift:107:5: 'buildExpression' is unavailable: this expression does not conform to 'View'

/Users/imran/GitRepos/axiom_shsat/axiom_shsat/Views/Home/RecommendationRow.swift:108:5: 'buildExpression' is unavailable: this expression does not conform to 'View'

/Users/imran/GitRepos/axiom_shsat/axiom_shsat/Views/Home/RecommendationRow.swift:109:5: 'buildExpression' is unavailable: this expression does not conform to 'View'

/Users/imran/GitRepos/axiom_shsat/axiom_shsat/Views/Home/RecommendationRow.swift:114:9: 'buildExpression' is unavailable: this expression does not conform to 'View'

/Users/imran/GitRepos/axiom_shsat/axiom_shsat/Views/Home/RecommendationRow.swift:115:9: 'buildExpression' is unavailable: this expression does not conform to 'View'

/Users/imran/GitRepos/axiom_shsat/axiom_shsat/Views/Home/RecommendationRow.swift:116:9: 'buildExpression' is unavailable: this expression does not conform to 'View'

/Users/imran/GitRepos/axiom_shsat/axiom_shsat/Views/Home/RecommendationRow.swift:124:9: 'buildExpression' is unavailable: this expression does not conform to 'View'

/Users/imran/GitRepos/axiom_shsat/axiom_shsat/Views/Home/RecommendationRow.swift:125:9: 'buildExpression' is unavailable: this expression does not conform to 'View'

/Users/imran/GitRepos/axiom_shsat/axiom_shsat/Views/Home/RecommendationRow.swift:126:9: 'buildExpression' is unavailable: this expression does not conform to 'View'

/Users/imran/GitRepos/axiom_shsat/axiom_shsat/Views/Home/RecommendationRow.swift:134:9: 'buildExpression' is unavailable: this expression does not conform to 'View'

/Users/imran/GitRepos/axiom_shsat/axiom_shsat/Views/Home/RecommendationRow.swift:135:9: 'buildExpression' is unavailable: this expression does not conform to 'View'

/Users/imran/GitRepos/axiom_shsat/axiom_shsat/Views/Home/RecommendationRow.swift:136:9: 'buildExpression' is unavailable: this expression does not conform to 'View'

/Users/imran/GitRepos/axiom_shsat/axiom_shsat/Views/Practice/QuestionView.swift:369:51: Cannot pass array of type '[any PersistentModel.Type]' as variadic arguments of type 'any PersistentModel.Type'

/Users/imran/GitRepos/axiom_shsat/axiom_shsat/Views/Practice/TestConfigurationView.swift:195:51: Cannot pass array of type '[any PersistentModel.Type]' as variadic arguments of type 'any PersistentModel.Type'

/Users/imran/GitRepos/axiom_shsat/axiom_shsat/ViewModels/Analytics/TopicBreakdownView.swift:298:8: Invalid redeclaration of 'ProficiencyBadge'

/Users/imran/GitRepos/axiom_shsat/axiom_shsat/ViewModels/TestSessionViewModel.swift:245:17: Extensions must not contain stored properties

/Users/imran/GitRepos/axiom_shsat/axiom_shsat/ViewModels/TestSessionViewModel.swift:246:17: Extensions must not contain stored properties

/Users/imran/GitRepos/axiom_shsat/axiom_shsat/ViewModels/TestSessionViewModel.swift:247:17: Extensions must not contain stored properties

SwiftCompile normal arm64 Compiling\ TopicProgress.swift,\ UserProfile.swift,\ AnalyticsService.swift,\ AuthenticationService.swift,\ CloudKitService.swift /Users/imran/GitRepos/axiom_shsat/axiom_shsat/Models/TopicProgress.swift /Users/imran/GitRepos/axiom_shsat/axiom_shsat/Models/UserProfile.swift /Users/imran/GitRepos/axiom_shsat/axiom_shsat/Services/AnalyticsService.swift /Users/imran/GitRepos/axiom_shsat/axiom_shsat/Services/AuthenticationService.swift /Users/imran/GitRepos/axiom_shsat/axiom_shsat/Services/CloudKitService.swift (in target 'axiom_shsat' from project 'axiom_shsat')
    cd /Users/imran/GitRepos/axiom_shsat
    builtin-swiftTaskExecution -- /Applications/Xcode.app/Contents/Developer/Toolchains/XcodeDefault.xctoolchain/usr/bin/swift-frontend -frontend -c /Users/imran/GitRepos/axiom_shsat/axiom_shsat/App/AppDelegate.swift /Users/imran/GitRepos/axiom_shsat/axiom_shsat/App/SHSAT_PrepperApp.swift /Users/imran/GitRepos/axiom_shsat/axiom_shsat/Models/Question.swift /Users/imran/GitRepos/axiom_shsat/axiom_shsat/Models/QuestionResponse.swift /Users/imran/GitRepos/axiom_shsat/axiom_shsat/Models/TestSession.swift -primary-file /Users/imran/GitRepos/axiom_shsat/axiom_shsat/Models/TopicProgress.swift -primary-file /Users/imran/GitRepos/axiom_shsat/axiom_shsat/Models/UserProfile.swift -primary-file /Users/imran/GitRepos/axiom_shsat/axiom_shsat/Services/AnalyticsService.swift -primary-file /Users/imran/GitRepos/axiom_shsat/axiom_shsat/Services/AuthenticationService.swift -primary-file /Users/imran/GitRepos/axiom_shsat/axiom_shsat/Services/CloudKitService.swift /Users/imran/GitRepos/axiom_shsat/axiom_shsat/Services/QuestionService.swift /Users/imran/GitRepos/axiom_shsat/axiom_shsat/Utilities/Extensions/ColorExtensions.swift /Users/imran/GitRepos/axiom_shsat/axiom_shsat/Utilities/Extensions/DateExtensions.swift /Users/imran/GitRepos/axiom_shsat/axiom_shsat/Utilities/Helpers/ErrorHandler.swift /Users/imran/GitRepos/axiom_shsat/axiom_shsat/Utilities/Helpers/MathFormatter.swift /Users/imran/GitRepos/axiom_shsat/axiom_shsat/ViewModels/Analytics/PerformanceChartView.swift /Users/imran/GitRepos/axiom_shsat/axiom_shsat/ViewModels/Analytics/ProgressView.swift /Users/imran/GitRepos/axiom_shsat/axiom_shsat/ViewModels/Analytics/TopicBreakdownView.swift /Users/imran/GitRepos/axiom_shsat/axiom_shsat/ViewModels/AuthViewModel.swift /Users/imran/GitRepos/axiom_shsat/axiom_shsat/ViewModels/HomeViewModel.swift /Users/imran/GitRepos/axiom_shsat/axiom_shsat/ViewModels/ProfileViewModel.swift /Users/imran/GitRepos/axiom_shsat/axiom_shsat/ViewModels/ProgressViewModel.swift /Users/imran/GitRepos/axiom_shsat/axiom_shsat/ViewModels/TestSessionViewModel.swift /Users/imran/GitRepos/axiom_shsat/axiom_shsat/Views/Authentication/AuthenticationView.swift /Users/imran/GitRepos/axiom_shsat/axiom_shsat/Views/Authentication/SignInWithAppleButton.swift /Users/imran/GitRepos/axiom_shsat/axiom_shsat/Views/Components/ActionButton.swift /Users/imran/GitRepos/axiom_shsat/axiom_shsat/Views/Components/CircularProgressView.swift /Users/imran/GitRepos/axiom_shsat/axiom_shsat/Views/Components/MathView.swift /Users/imran/GitRepos/axiom_shsat/axiom_shsat/Views/Home/DashboardView.swift /Users/imran/GitRepos/axiom_shsat/axiom_shsat/Views/Home/HomeView.swift /Users/imran/GitRepos/axiom_shsat/axiom_shsat/Views/Home/RecommendationRow.swift /Users/imran/GitRepos/axiom_shsat/axiom_shsat/Views/Practice/QuestionView.swift /Users/imran/GitRepos/axiom_shsat/axiom_shsat/Views/Practice/TestConfigurationView.swift /Users/imran/GitRepos/axiom_shsat/axiom_shsat/Views/Practice/TestResultsView.swift /Users/imran/GitRepos/axiom_shsat/axiom_shsat/Views/Practice/TestSessionView.swift /Users/imran/GitRepos/axiom_shsat/axiom_shsat/Views/Profile/ProfileView.swift /Users/imran/Library/Developer/Xcode/DerivedData/axiom_shsat-ewavnqtjcbvtwzalylmwycqsirlf/Build/Intermediates.noindex/axiom_shsat.build/Debug-iphonesimulator/axiom_shsat.build/DerivedSources/GeneratedAssetSymbols.swift -supplementary-output-file-map /Users/imran/Library/Developer/Xcode/DerivedData/axiom_shsat-ewavnqtjcbvtwzalylmwycqsirlf/Build/Intermediates.noindex/axiom_shsat.build/Debug-iphonesimulator/axiom_shsat.build/Objects-normal/arm64/supplementaryOutputs-34 -emit-localized-strings -emit-localized-strings-path /Users/imran/Library/Developer/Xcode/DerivedData/axiom_shsat-ewavnqtjcbvtwzalylmwycqsirlf/Build/Intermediates.noindex/axiom_shsat.build/Debug-iphonesimulator/axiom_shsat.build/Objects-normal/arm64 -target arm64-apple-ios18.2-simulator -Xllvm -aarch64-use-tbi -enable-objc-interop -sdk /Applications/Xcode.app/Contents/Developer/Platforms/iPhoneSimulator.platform/Developer/SDKs/iPhoneSimulator18.2.sdk -I /Users/imran/Library/Developer/Xcode/DerivedData/axiom_shsat-ewavnqtjcbvtwzalylmwycqsirlf/Build/Products/Debug-iphonesimulator -F /Users/imran/Library/Developer/Xcode/DerivedData/axiom_shsat-ewavnqtjcbvtwzalylmwycqsirlf/Build/Products/Debug-iphonesimulator/PackageFrameworks -F /Users/imran/Library/Developer/Xcode/DerivedData/axiom_shsat-ewavnqtjcbvtwzalylmwycqsirlf/Build/Products/Debug-iphonesimulator -no-color-diagnostics -enable-testing -g -debug-info-format\=dwarf -dwarf-version\=5 -module-cache-path /Users/imran/Library/Developer/Xcode/DerivedData/ModuleCache.noindex -swift-version 5 -enforce-exclusivity\=checked -Onone -D DEBUG -serialize-debugging-options -const-gather-protocols-file /Users/imran/Library/Developer/Xcode/DerivedData/axiom_shsat-ewavnqtjcbvtwzalylmwycqsirlf/Build/Intermediates.noindex/axiom_shsat.build/Debug-iphonesimulator/axiom_shsat.build/Objects-normal/arm64/axiom_shsat_const_extract_protocols.json -enable-experimental-feature DebugDescriptionMacro -enable-experimental-feature OpaqueTypeErasure -enable-bare-slash-regex -empty-abi-descriptor -validate-clang-modules-once -clang-build-session-file /Users/imran/Library/Developer/Xcode/DerivedData/ModuleCache.noindex/Session.modulevalidation -Xcc -working-directory -Xcc /Users/imran/GitRepos/axiom_shsat -resource-dir /Applications/Xcode.app/Contents/Developer/Toolchains/XcodeDefault.xctoolchain/usr/lib/swift -enable-anonymous-context-mangled-names -file-compilation-dir /Users/imran/GitRepos/axiom_shsat -Xcc -D_LIBCPP_HARDENING_MODE\=_LIBCPP_HARDENING_MODE_DEBUG -Xcc -ivfsstatcache -Xcc /Users/imran/Library/Developer/Xcode/DerivedData/SDKStatCaches.noindex/iphonesimulator18.2-22C146-07b28473f605e47e75261259d3ef3b5a.sdkstatcache -Xcc -I/Users/imran/Library/Developer/Xcode/DerivedData/axiom_shsat-ewavnqtjcbvtwzalylmwycqsirlf/Build/Intermediates.noindex/axiom_shsat.build/Debug-iphonesimulator/axiom_shsat.build/swift-overrides.hmap -Xcc -iquote -Xcc /Users/imran/Library/Developer/Xcode/DerivedData/axiom_shsat-ewavnqtjcbvtwzalylmwycqsirlf/Build/Intermediates.noindex/axiom_shsat.build/Debug-iphonesimulator/axiom_shsat.build/axiom_shsat-generated-files.hmap -Xcc -I/Users/imran/Library/Developer/Xcode/DerivedData/axiom_shsat-ewavnqtjcbvtwzalylmwycqsirlf/Build/Intermediates.noindex/axiom_shsat.build/Debug-iphonesimulator/axiom_shsat.build/axiom_shsat-own-target-headers.hmap -Xcc -I/Users/imran/Library/Developer/Xcode/DerivedData/axiom_shsat-ewavnqtjcbvtwzalylmwycqsirlf/Build/Intermediates.noindex/axiom_shsat.build/Debug-iphonesimulator/axiom_shsat.build/axiom_shsat-all-non-framework-target-headers.hmap -Xcc -ivfsoverlay -Xcc /Users/imran/Library/Developer/Xcode/DerivedData/axiom_shsat-ewavnqtjcbvtwzalylmwycqsirlf/Build/Intermediates.noindex/axiom_shsat.build/Debug-iphonesimulator/axiom_shsat-751118db650c7a11cc97f55353d0f766-VFS-iphonesimulator/all-product-headers.yaml -Xcc -iquote -Xcc /Users/imran/Library/Developer/Xcode/DerivedData/axiom_shsat-ewavnqtjcbvtwzalylmwycqsirlf/Build/Intermediates.noindex/axiom_shsat.build/Debug-iphonesimulator/axiom_shsat.build/axiom_shsat-project-headers.hmap -Xcc -I/Users/imran/Library/Developer/Xcode/DerivedData/axiom_shsat-ewavnqtjcbvtwzalylmwycqsirlf/Build/Products/Debug-iphonesimulator/include -Xcc -I/Users/imran/Library/Developer/Xcode/DerivedData/axiom_shsat-ewavnqtjcbvtwzalylmwycqsirlf/Build/Intermediates.noindex/axiom_shsat.build/Debug-iphonesimulator/axiom_shsat.build/DerivedSources-normal/arm64 -Xcc -I/Users/imran/Library/Developer/Xcode/DerivedData/axiom_shsat-ewavnqtjcbvtwzalylmwycqsirlf/Build/Intermediates.noindex/axiom_shsat.build/Debug-iphonesimulator/axiom_shsat.build/DerivedSources/arm64 -Xcc -I/Users/imran/Library/Developer/Xcode/DerivedData/axiom_shsat-ewavnqtjcbvtwzalylmwycqsirlf/Build/Intermediates.noindex/axiom_shsat.build/Debug-iphonesimulator/axiom_shsat.build/DerivedSources -Xcc -DDEBUG\=1 -module-name axiom_shsat -frontend-parseable-output -disable-clang-spi -target-sdk-version 18.2 -target-sdk-name iphonesimulator18.2 -external-plugin-path /Applications/Xcode.app/Contents/Developer/Platforms/iPhoneOS.platform/Developer/usr/lib/swift/host/plugins\#/Applications/Xcode.app/Contents/Developer/Platforms/iPhoneOS.platform/Developer/usr/bin/swift-plugin-server -external-plugin-path /Applications/Xcode.app/Contents/Developer/Platforms/iPhoneOS.platform/Developer/usr/local/lib/swift/host/plugins\#/Applications/Xcode.app/Contents/Developer/Platforms/iPhoneOS.platform/Developer/usr/bin/swift-plugin-server -plugin-path /Applications/Xcode.app/Contents/Developer/Toolchains/XcodeDefault.xctoolchain/usr/lib/swift/host/plugins -plugin-path /Applications/Xcode.app/Contents/Developer/Toolchains/XcodeDefault.xctoolchain/usr/local/lib/swift/host/plugins -o /Users/imran/Library/Developer/Xcode/DerivedData/axiom_shsat-ewavnqtjcbvtwzalylmwycqsirlf/Build/Intermediates.noindex/axiom_shsat.build/Debug-iphonesimulator/axiom_shsat.build/Objects-normal/arm64/TopicProgress.o -o /Users/imran/Library/Developer/Xcode/DerivedData/axiom_shsat-ewavnqtjcbvtwzalylmwycqsirlf/Build/Intermediates.noindex/axiom_shsat.build/Debug-iphonesimulator/axiom_shsat.build/Objects-normal/arm64/UserProfile.o -o /Users/imran/Library/Developer/Xcode/DerivedData/axiom_shsat-ewavnqtjcbvtwzalylmwycqsirlf/Build/Intermediates.noindex/axiom_shsat.build/Debug-iphonesimulator/axiom_shsat.build/Objects-normal/arm64/AnalyticsService.o -o /Users/imran/Library/Developer/Xcode/DerivedData/axiom_shsat-ewavnqtjcbvtwzalylmwycqsirlf/Build/Intermediates.noindex/axiom_shsat.build/Debug-iphonesimulator/axiom_shsat.build/Objects-normal/arm64/AuthenticationService.o -o /Users/imran/Library/Developer/Xcode/DerivedData/axiom_shsat-ewavnqtjcbvtwzalylmwycqsirlf/Build/Intermediates.noindex/axiom_shsat.build/Debug-iphonesimulator/axiom_shsat.build/Objects-normal/arm64/CloudKitService.o -index-unit-output-path /axiom_shsat.build/Debug-iphonesimulator/axiom_shsat.build/Objects-normal/arm64/TopicProgress.o -index-unit-output-path /axiom_shsat.build/Debug-iphonesimulator/axiom_shsat.build/Objects-normal/arm64/UserProfile.o -index-unit-output-path /axiom_shsat.build/Debug-iphonesimulator/axiom_shsat.build/Objects-normal/arm64/AnalyticsService.o -index-unit-output-path /axiom_shsat.build/Debug-iphonesimulator/axiom_shsat.build/Objects-normal/arm64/AuthenticationService.o -index-unit-output-path /axiom_shsat.build/Debug-iphonesimulator/axiom_shsat.build/Objects-normal/arm64/CloudKitService.o -index-store-path /Users/imran/Library/Developer/Xcode/DerivedData/axiom_shsat-ewavnqtjcbvtwzalylmwycqsirlf/Index.noindex/DataStore -index-system-modules

SwiftCompile normal arm64 /Users/imran/GitRepos/axiom_shsat/axiom_shsat/Services/AnalyticsService.swift (in target 'axiom_shsat' from project 'axiom_shsat')
    cd /Users/imran/GitRepos/axiom_shsat
    /Applications/Xcode.app/Contents/Developer/Toolchains/XcodeDefault.xctoolchain/usr/bin/swift-frontend -c /Users/imran/GitRepos/axiom_shsat/axiom_shsat/App/AppDelegate.swift /Users/imran/GitRepos/axiom_shsat/axiom_shsat/App/SHSAT_PrepperApp.swift /Users/imran/GitRepos/axiom_shsat/axiom_shsat/Models/Question.swift /Users/imran/GitRepos/axiom_shsat/axiom_shsat/Models/QuestionResponse.swift /Users/imran/GitRepos/axiom_shsat/axiom_shsat/Models/TestSession.swift -primary-file /Users/imran/GitRepos/axiom_shsat/axiom_shsat/Models/TopicProgress.swift -primary-file /Users/imran/GitRepos/axiom_shsat/axiom_shsat/Models/UserProfile.swift -primary-file /Users/imran/GitRepos/axiom_shsat/axiom_shsat/Services/AnalyticsService.swift -primary-file /Users/imran/GitRepos/axiom_shsat/axiom_shsat/Services/AuthenticationService.swift -primary-file /Users/imran/GitRepos/axiom_shsat/axiom_shsat/Services/CloudKitService.swift /Users/imran/GitRepos/axiom_shsat/axiom_shsat/Services/QuestionService.swift /Users/imran/GitRepos/axiom_shsat/axiom_shsat/Utilities/Extensions/ColorExtensions.swift /Users/imran/GitRepos/axiom_shsat/axiom_shsat/Utilities/Extensions/DateExtensions.swift /Users/imran/GitRepos/axiom_shsat/axiom_shsat/Utilities/Helpers/ErrorHandler.swift /Users/imran/GitRepos/axiom_shsat/axiom_shsat/Utilities/Helpers/MathFormatter.swift /Users/imran/GitRepos/axiom_shsat/axiom_shsat/ViewModels/Analytics/PerformanceChartView.swift /Users/imran/GitRepos/axiom_shsat/axiom_shsat/ViewModels/Analytics/ProgressView.swift /Users/imran/GitRepos/axiom_shsat/axiom_shsat/ViewModels/Analytics/TopicBreakdownView.swift /Users/imran/GitRepos/axiom_shsat/axiom_shsat/ViewModels/AuthViewModel.swift /Users/imran/GitRepos/axiom_shsat/axiom_shsat/ViewModels/HomeViewModel.swift /Users/imran/GitRepos/axiom_shsat/axiom_shsat/ViewModels/ProfileViewModel.swift /Users/imran/GitRepos/axiom_shsat/axiom_shsat/ViewModels/ProgressViewModel.swift /Users/imran/GitRepos/axiom_shsat/axiom_shsat/ViewModels/TestSessionViewModel.swift /Users/imran/GitRepos/axiom_shsat/axiom_shsat/Views/Authentication/AuthenticationView.swift /Users/imran/GitRepos/axiom_shsat/axiom_shsat/Views/Authentication/SignInWithAppleButton.swift /Users/imran/GitRepos/axiom_shsat/axiom_shsat/Views/Components/ActionButton.swift /Users/imran/GitRepos/axiom_shsat/axiom_shsat/Views/Components/CircularProgressView.swift /Users/imran/GitRepos/axiom_shsat/axiom_shsat/Views/Components/MathView.swift /Users/imran/GitRepos/axiom_shsat/axiom_shsat/Views/Home/DashboardView.swift /Users/imran/GitRepos/axiom_shsat/axiom_shsat/Views/Home/HomeView.swift /Users/imran/GitRepos/axiom_shsat/axiom_shsat/Views/Home/RecommendationRow.swift /Users/imran/GitRepos/axiom_shsat/axiom_shsat/Views/Practice/QuestionView.swift /Users/imran/GitRepos/axiom_shsat/axiom_shsat/Views/Practice/TestConfigurationView.swift /Users/imran/GitRepos/axiom_shsat/axiom_shsat/Views/Practice/TestResultsView.swift /Users/imran/GitRepos/axiom_shsat/axiom_shsat/Views/Practice/TestSessionView.swift /Users/imran/GitRepos/axiom_shsat/axiom_shsat/Views/Profile/ProfileView.swift /Users/imran/Library/Developer/Xcode/DerivedData/axiom_shsat-ewavnqtjcbvtwzalylmwycqsirlf/Build/Intermediates.noindex/axiom_shsat.build/Debug-iphonesimulator/axiom_shsat.build/DerivedSources/GeneratedAssetSymbols.swift -supplementary-output-file-map /Users/imran/Library/Developer/Xcode/DerivedData/axiom_shsat-ewavnqtjcbvtwzalylmwycqsirlf/Build/Intermediates.noindex/axiom_shsat.build/Debug-iphonesimulator/axiom_shsat.build/Objects-normal/arm64/supplementaryOutputs-34 -emit-localized-strings -emit-localized-strings-path /Users/imran/Library/Developer/Xcode/DerivedData/axiom_shsat-ewavnqtjcbvtwzalylmwycqsirlf/Build/Intermediates.noindex/axiom_shsat.build/Debug-iphonesimulator/axiom_shsat.build/Objects-normal/arm64 -target arm64-apple-ios18.2-simulator -Xllvm -aarch64-use-tbi -enable-objc-interop -sdk /Applications/Xcode.app/Contents/Developer/Platforms/iPhoneSimulator.platform/Developer/SDKs/iPhoneSimulator18.2.sdk -I /Users/imran/Library/Developer/Xcode/DerivedData/axiom_shsat-ewavnqtjcbvtwzalylmwycqsirlf/Build/Products/Debug-iphonesimulator -F /Users/imran/Library/Developer/Xcode/DerivedData/axiom_shsat-ewavnqtjcbvtwzalylmwycqsirlf/Build/Products/Debug-iphonesimulator/PackageFrameworks -F /Users/imran/Library/Developer/Xcode/DerivedData/axiom_shsat-ewavnqtjcbvtwzalylmwycqsirlf/Build/Products/Debug-iphonesimulator -no-color-diagnostics -enable-testing -g -debug-info-format\=dwarf -dwarf-version\=5 -module-cache-path /Users/imran/Library/Developer/Xcode/DerivedData/ModuleCache.noindex -swift-version 5 -enforce-exclusivity\=checked -Onone -D DEBUG -serialize-debugging-options -const-gather-protocols-file /Users/imran/Library/Developer/Xcode/DerivedData/axiom_shsat-ewavnqtjcbvtwzalylmwycqsirlf/Build/Intermediates.noindex/axiom_shsat.build/Debug-iphonesimulator/axiom_shsat.build/Objects-normal/arm64/axiom_shsat_const_extract_protocols.json -enable-experimental-feature DebugDescriptionMacro -enable-experimental-feature OpaqueTypeErasure -enable-bare-slash-regex -empty-abi-descriptor -validate-clang-modules-once -clang-build-session-file /Users/imran/Library/Developer/Xcode/DerivedData/ModuleCache.noindex/Session.modulevalidation -Xcc -working-directory -Xcc /Users/imran/GitRepos/axiom_shsat -resource-dir /Applications/Xcode.app/Contents/Developer/Toolchains/XcodeDefault.xctoolchain/usr/lib/swift -enable-anonymous-context-mangled-names -file-compilation-dir /Users/imran/GitRepos/axiom_shsat -Xcc -D_LIBCPP_HARDENING_MODE\=_LIBCPP_HARDENING_MODE_DEBUG -Xcc -ivfsstatcache -Xcc /Users/imran/Library/Developer/Xcode/DerivedData/SDKStatCaches.noindex/iphonesimulator18.2-22C146-07b28473f605e47e75261259d3ef3b5a.sdkstatcache -Xcc -I/Users/imran/Library/Developer/Xcode/DerivedData/axiom_shsat-ewavnqtjcbvtwzalylmwycqsirlf/Build/Intermediates.noindex/axiom_shsat.build/Debug-iphonesimulator/axiom_shsat.build/swift-overrides.hmap -Xcc -iquote -Xcc /Users/imran/Library/Developer/Xcode/DerivedData/axiom_shsat-ewavnqtjcbvtwzalylmwycqsirlf/Build/Intermediates.noindex/axiom_shsat.build/Debug-iphonesimulator/axiom_shsat.build/axiom_shsat-generated-files.hmap -Xcc -I/Users/imran/Library/Developer/Xcode/DerivedData/axiom_shsat-ewavnqtjcbvtwzalylmwycqsirlf/Build/Intermediates.noindex/axiom_shsat.build/Debug-iphonesimulator/axiom_shsat.build/axiom_shsat-own-target-headers.hmap -Xcc -I/Users/imran/Library/Developer/Xcode/DerivedData/axiom_shsat-ewavnqtjcbvtwzalylmwycqsirlf/Build/Intermediates.noindex/axiom_shsat.build/Debug-iphonesimulator/axiom_shsat.build/axiom_shsat-all-non-framework-target-headers.hmap -Xcc -ivfsoverlay -Xcc /Users/imran/Library/Developer/Xcode/DerivedData/axiom_shsat-ewavnqtjcbvtwzalylmwycqsirlf/Build/Intermediates.noindex/axiom_shsat.build/Debug-iphonesimulator/axiom_shsat-751118db650c7a11cc97f55353d0f766-VFS-iphonesimulator/all-product-headers.yaml -Xcc -iquote -Xcc /Users/imran/Library/Developer/Xcode/DerivedData/axiom_shsat-ewavnqtjcbvtwzalylmwycqsirlf/Build/Intermediates.noindex/axiom_shsat.build/Debug-iphonesimulator/axiom_shsat.build/axiom_shsat-project-headers.hmap -Xcc -I/Users/imran/Library/Developer/Xcode/DerivedData/axiom_shsat-ewavnqtjcbvtwzalylmwycqsirlf/Build/Products/Debug-iphonesimulator/include -Xcc -I/Users/imran/Library/Developer/Xcode/DerivedData/axiom_shsat-ewavnqtjcbvtwzalylmwycqsirlf/Build/Intermediates.noindex/axiom_shsat.build/Debug-iphonesimulator/axiom_shsat.build/DerivedSources-normal/arm64 -Xcc -I/Users/imran/Library/Developer/Xcode/DerivedData/axiom_shsat-ewavnqtjcbvtwzalylmwycqsirlf/Build/Intermediates.noindex/axiom_shsat.build/Debug-iphonesimulator/axiom_shsat.build/DerivedSources/arm64 -Xcc -I/Users/imran/Library/Developer/Xcode/DerivedData/axiom_shsat-ewavnqtjcbvtwzalylmwycqsirlf/Build/Intermediates.noindex/axiom_shsat.build/Debug-iphonesimulator/axiom_shsat.build/DerivedSources -Xcc -DDEBUG\=1 -module-name axiom_shsat -frontend-parseable-output -disable-clang-spi -target-sdk-version 18.2 -target-sdk-name iphonesimulator18.2 -external-plugin-path /Applications/Xcode.app/Contents/Developer/Platforms/iPhoneOS.platform/Developer/usr/lib/swift/host/plugins\#/Applications/Xcode.app/Contents/Developer/Platforms/iPhoneOS.platform/Developer/usr/bin/swift-plugin-server -external-plugin-path /Applications/Xcode.app/Contents/Developer/Platforms/iPhoneOS.platform/Developer/usr/local/lib/swift/host/plugins\#/Applications/Xcode.app/Contents/Developer/Platforms/iPhoneOS.platform/Developer/usr/bin/swift-plugin-server -plugin-path /Applications/Xcode.app/Contents/Developer/Toolchains/XcodeDefault.xctoolchain/usr/lib/swift/host/plugins -plugin-path /Applications/Xcode.app/Contents/Developer/Toolchains/XcodeDefault.xctoolchain/usr/local/lib/swift/host/plugins -o /Users/imran/Library/Developer/Xcode/DerivedData/axiom_shsat-ewavnqtjcbvtwzalylmwycqsirlf/Build/Intermediates.noindex/axiom_shsat.build/Debug-iphonesimulator/axiom_shsat.build/Objects-normal/arm64/TopicProgress.o -o /Users/imran/Library/Developer/Xcode/DerivedData/axiom_shsat-ewavnqtjcbvtwzalylmwycqsirlf/Build/Intermediates.noindex/axiom_shsat.build/Debug-iphonesimulator/axiom_shsat.build/Objects-normal/arm64/UserProfile.o -o /Users/imran/Library/Developer/Xcode/DerivedData/axiom_shsat-ewavnqtjcbvtwzalylmwycqsirlf/Build/Intermediates.noindex/axiom_shsat.build/Debug-iphonesimulator/axiom_shsat.build/Objects-normal/arm64/AnalyticsService.o -o /Users/imran/Library/Developer/Xcode/DerivedData/axiom_shsat-ewavnqtjcbvtwzalylmwycqsirlf/Build/Intermediates.noindex/axiom_shsat.build/Debug-iphonesimulator/axiom_shsat.build/Objects-normal/arm64/AuthenticationService.o -o /Users/imran/Library/Developer/Xcode/DerivedData/axiom_shsat-ewavnqtjcbvtwzalylmwycqsirlf/Build/Intermediates.noindex/axiom_shsat.build/Debug-iphonesimulator/axiom_shsat.build/Objects-normal/arm64/CloudKitService.o -index-unit-output-path /axiom_shsat.build/Debug-iphonesimulator/axiom_shsat.build/Objects-normal/arm64/TopicProgress.o -index-unit-output-path /axiom_shsat.build/Debug-iphonesimulator/axiom_shsat.build/Objects-normal/arm64/UserProfile.o -index-unit-output-path /axiom_shsat.build/Debug-iphonesimulator/axiom_shsat.build/Objects-normal/arm64/AnalyticsService.o -index-unit-output-path /axiom_shsat.build/Debug-iphonesimulator/axiom_shsat.build/Objects-normal/arm64/AuthenticationService.o -index-unit-output-path /axiom_shsat.build/Debug-iphonesimulator/axiom_shsat.build/Objects-normal/arm64/CloudKitService.o -index-store-path /Users/imran/Library/Developer/Xcode/DerivedData/axiom_shsat-ewavnqtjcbvtwzalylmwycqsirlf/Index.noindex/DataStore -index-system-modules

/Users/imran/GitRepos/axiom_shsat/axiom_shsat/Services/AnalyticsService.swift:188:19: error: initializer for conditional binding must have Optional type, not 'Date'
            guard let timestamp = response.timestamp else { continue }
                  ^               ~~~~~~~~~~~~~~~~~~

/Users/imran/GitRepos/axiom_shsat/axiom_shsat/Services/AnalyticsService.swift:188:19: Initializer for conditional binding must have Optional type, not 'Date'

SwiftCompile normal arm64 Compiling\ QuestionService.swift,\ ColorExtensions.swift,\ DateExtensions.swift,\ ErrorHandler.swift,\ MathFormatter.swift /Users/imran/GitRepos/axiom_shsat/axiom_shsat/Services/QuestionService.swift /Users/imran/GitRepos/axiom_shsat/axiom_shsat/Utilities/Extensions/ColorExtensions.swift /Users/imran/GitRepos/axiom_shsat/axiom_shsat/Utilities/Extensions/DateExtensions.swift /Users/imran/GitRepos/axiom_shsat/axiom_shsat/Utilities/Helpers/ErrorHandler.swift /Users/imran/GitRepos/axiom_shsat/axiom_shsat/Utilities/Helpers/MathFormatter.swift (in target 'axiom_shsat' from project 'axiom_shsat')
    cd /Users/imran/GitRepos/axiom_shsat
    builtin-swiftTaskExecution -- /Applications/Xcode.app/Contents/Developer/Toolchains/XcodeDefault.xctoolchain/usr/bin/swift-frontend -frontend -c /Users/imran/GitRepos/axiom_shsat/axiom_shsat/App/AppDelegate.swift /Users/imran/GitRepos/axiom_shsat/axiom_shsat/App/SHSAT_PrepperApp.swift /Users/imran/GitRepos/axiom_shsat/axiom_shsat/Models/Question.swift /Users/imran/GitRepos/axiom_shsat/axiom_shsat/Models/QuestionResponse.swift /Users/imran/GitRepos/axiom_shsat/axiom_shsat/Models/TestSession.swift /Users/imran/GitRepos/axiom_shsat/axiom_shsat/Models/TopicProgress.swift /Users/imran/GitRepos/axiom_shsat/axiom_shsat/Models/UserProfile.swift /Users/imran/GitRepos/axiom_shsat/axiom_shsat/Services/AnalyticsService.swift /Users/imran/GitRepos/axiom_shsat/axiom_shsat/Services/AuthenticationService.swift /Users/imran/GitRepos/axiom_shsat/axiom_shsat/Services/CloudKitService.swift -primary-file /Users/imran/GitRepos/axiom_shsat/axiom_shsat/Services/QuestionService.swift -primary-file /Users/imran/GitRepos/axiom_shsat/axiom_shsat/Utilities/Extensions/ColorExtensions.swift -primary-file /Users/imran/GitRepos/axiom_shsat/axiom_shsat/Utilities/Extensions/DateExtensions.swift -primary-file /Users/imran/GitRepos/axiom_shsat/axiom_shsat/Utilities/Helpers/ErrorHandler.swift -primary-file /Users/imran/GitRepos/axiom_shsat/axiom_shsat/Utilities/Helpers/MathFormatter.swift /Users/imran/GitRepos/axiom_shsat/axiom_shsat/ViewModels/Analytics/PerformanceChartView.swift /Users/imran/GitRepos/axiom_shsat/axiom_shsat/ViewModels/Analytics/ProgressView.swift /Users/imran/GitRepos/axiom_shsat/axiom_shsat/ViewModels/Analytics/TopicBreakdownView.swift /Users/imran/GitRepos/axiom_shsat/axiom_shsat/ViewModels/AuthViewModel.swift /Users/imran/GitRepos/axiom_shsat/axiom_shsat/ViewModels/HomeViewModel.swift /Users/imran/GitRepos/axiom_shsat/axiom_shsat/ViewModels/ProfileViewModel.swift /Users/imran/GitRepos/axiom_shsat/axiom_shsat/ViewModels/ProgressViewModel.swift /Users/imran/GitRepos/axiom_shsat/axiom_shsat/ViewModels/TestSessionViewModel.swift /Users/imran/GitRepos/axiom_shsat/axiom_shsat/Views/Authentication/AuthenticationView.swift /Users/imran/GitRepos/axiom_shsat/axiom_shsat/Views/Authentication/SignInWithAppleButton.swift /Users/imran/GitRepos/axiom_shsat/axiom_shsat/Views/Components/ActionButton.swift /Users/imran/GitRepos/axiom_shsat/axiom_shsat/Views/Components/CircularProgressView.swift /Users/imran/GitRepos/axiom_shsat/axiom_shsat/Views/Components/MathView.swift /Users/imran/GitRepos/axiom_shsat/axiom_shsat/Views/Home/DashboardView.swift /Users/imran/GitRepos/axiom_shsat/axiom_shsat/Views/Home/HomeView.swift /Users/imran/GitRepos/axiom_shsat/axiom_shsat/Views/Home/RecommendationRow.swift /Users/imran/GitRepos/axiom_shsat/axiom_shsat/Views/Practice/QuestionView.swift /Users/imran/GitRepos/axiom_shsat/axiom_shsat/Views/Practice/TestConfigurationView.swift /Users/imran/GitRepos/axiom_shsat/axiom_shsat/Views/Practice/TestResultsView.swift /Users/imran/GitRepos/axiom_shsat/axiom_shsat/Views/Practice/TestSessionView.swift /Users/imran/GitRepos/axiom_shsat/axiom_shsat/Views/Profile/ProfileView.swift /Users/imran/Library/Developer/Xcode/DerivedData/axiom_shsat-ewavnqtjcbvtwzalylmwycqsirlf/Build/Intermediates.noindex/axiom_shsat.build/Debug-iphonesimulator/axiom_shsat.build/DerivedSources/GeneratedAssetSymbols.swift -supplementary-output-file-map /Users/imran/Library/Developer/Xcode/DerivedData/axiom_shsat-ewavnqtjcbvtwzalylmwycqsirlf/Build/Intermediates.noindex/axiom_shsat.build/Debug-iphonesimulator/axiom_shsat.build/Objects-normal/arm64/supplementaryOutputs-35 -emit-localized-strings -emit-localized-strings-path /Users/imran/Library/Developer/Xcode/DerivedData/axiom_shsat-ewavnqtjcbvtwzalylmwycqsirlf/Build/Intermediates.noindex/axiom_shsat.build/Debug-iphonesimulator/axiom_shsat.build/Objects-normal/arm64 -target arm64-apple-ios18.2-simulator -Xllvm -aarch64-use-tbi -enable-objc-interop -sdk /Applications/Xcode.app/Contents/Developer/Platforms/iPhoneSimulator.platform/Developer/SDKs/iPhoneSimulator18.2.sdk -I /Users/imran/Library/Developer/Xcode/DerivedData/axiom_shsat-ewavnqtjcbvtwzalylmwycqsirlf/Build/Products/Debug-iphonesimulator -F /Users/imran/Library/Developer/Xcode/DerivedData/axiom_shsat-ewavnqtjcbvtwzalylmwycqsirlf/Build/Products/Debug-iphonesimulator/PackageFrameworks -F /Users/imran/Library/Developer/Xcode/DerivedData/axiom_shsat-ewavnqtjcbvtwzalylmwycqsirlf/Build/Products/Debug-iphonesimulator -no-color-diagnostics -enable-testing -g -debug-info-format\=dwarf -dwarf-version\=5 -module-cache-path /Users/imran/Library/Developer/Xcode/DerivedData/ModuleCache.noindex -swift-version 5 -enforce-exclusivity\=checked -Onone -D DEBUG -serialize-debugging-options -const-gather-protocols-file /Users/imran/Library/Developer/Xcode/DerivedData/axiom_shsat-ewavnqtjcbvtwzalylmwycqsirlf/Build/Intermediates.noindex/axiom_shsat.build/Debug-iphonesimulator/axiom_shsat.build/Objects-normal/arm64/axiom_shsat_const_extract_protocols.json -enable-experimental-feature DebugDescriptionMacro -enable-experimental-feature OpaqueTypeErasure -enable-bare-slash-regex -empty-abi-descriptor -validate-clang-modules-once -clang-build-session-file /Users/imran/Library/Developer/Xcode/DerivedData/ModuleCache.noindex/Session.modulevalidation -Xcc -working-directory -Xcc /Users/imran/GitRepos/axiom_shsat -resource-dir /Applications/Xcode.app/Contents/Developer/Toolchains/XcodeDefault.xctoolchain/usr/lib/swift -enable-anonymous-context-mangled-names -file-compilation-dir /Users/imran/GitRepos/axiom_shsat -Xcc -D_LIBCPP_HARDENING_MODE\=_LIBCPP_HARDENING_MODE_DEBUG -Xcc -ivfsstatcache -Xcc /Users/imran/Library/Developer/Xcode/DerivedData/SDKStatCaches.noindex/iphonesimulator18.2-22C146-07b28473f605e47e75261259d3ef3b5a.sdkstatcache -Xcc -I/Users/imran/Library/Developer/Xcode/DerivedData/axiom_shsat-ewavnqtjcbvtwzalylmwycqsirlf/Build/Intermediates.noindex/axiom_shsat.build/Debug-iphonesimulator/axiom_shsat.build/swift-overrides.hmap -Xcc -iquote -Xcc /Users/imran/Library/Developer/Xcode/DerivedData/axiom_shsat-ewavnqtjcbvtwzalylmwycqsirlf/Build/Intermediates.noindex/axiom_shsat.build/Debug-iphonesimulator/axiom_shsat.build/axiom_shsat-generated-files.hmap -Xcc -I/Users/imran/Library/Developer/Xcode/DerivedData/axiom_shsat-ewavnqtjcbvtwzalylmwycqsirlf/Build/Intermediates.noindex/axiom_shsat.build/Debug-iphonesimulator/axiom_shsat.build/axiom_shsat-own-target-headers.hmap -Xcc -I/Users/imran/Library/Developer/Xcode/DerivedData/axiom_shsat-ewavnqtjcbvtwzalylmwycqsirlf/Build/Intermediates.noindex/axiom_shsat.build/Debug-iphonesimulator/axiom_shsat.build/axiom_shsat-all-non-framework-target-headers.hmap -Xcc -ivfsoverlay -Xcc /Users/imran/Library/Developer/Xcode/DerivedData/axiom_shsat-ewavnqtjcbvtwzalylmwycqsirlf/Build/Intermediates.noindex/axiom_shsat.build/Debug-iphonesimulator/axiom_shsat-751118db650c7a11cc97f55353d0f766-VFS-iphonesimulator/all-product-headers.yaml -Xcc -iquote -Xcc /Users/imran/Library/Developer/Xcode/DerivedData/axiom_shsat-ewavnqtjcbvtwzalylmwycqsirlf/Build/Intermediates.noindex/axiom_shsat.build/Debug-iphonesimulator/axiom_shsat.build/axiom_shsat-project-headers.hmap -Xcc -I/Users/imran/Library/Developer/Xcode/DerivedData/axiom_shsat-ewavnqtjcbvtwzalylmwycqsirlf/Build/Products/Debug-iphonesimulator/include -Xcc -I/Users/imran/Library/Developer/Xcode/DerivedData/axiom_shsat-ewavnqtjcbvtwzalylmwycqsirlf/Build/Intermediates.noindex/axiom_shsat.build/Debug-iphonesimulator/axiom_shsat.build/DerivedSources-normal/arm64 -Xcc -I/Users/imran/Library/Developer/Xcode/DerivedData/axiom_shsat-ewavnqtjcbvtwzalylmwycqsirlf/Build/Intermediates.noindex/axiom_shsat.build/Debug-iphonesimulator/axiom_shsat.build/DerivedSources/arm64 -Xcc -I/Users/imran/Library/Developer/Xcode/DerivedData/axiom_shsat-ewavnqtjcbvtwzalylmwycqsirlf/Build/Intermediates.noindex/axiom_shsat.build/Debug-iphonesimulator/axiom_shsat.build/DerivedSources -Xcc -DDEBUG\=1 -module-name axiom_shsat -frontend-parseable-output -disable-clang-spi -target-sdk-version 18.2 -target-sdk-name iphonesimulator18.2 -external-plugin-path /Applications/Xcode.app/Contents/Developer/Platforms/iPhoneOS.platform/Developer/usr/lib/swift/host/plugins\#/Applications/Xcode.app/Contents/Developer/Platforms/iPhoneOS.platform/Developer/usr/bin/swift-plugin-server -external-plugin-path /Applications/Xcode.app/Contents/Developer/Platforms/iPhoneOS.platform/Developer/usr/local/lib/swift/host/plugins\#/Applications/Xcode.app/Contents/Developer/Platforms/iPhoneOS.platform/Developer/usr/bin/swift-plugin-server -plugin-path /Applications/Xcode.app/Contents/Developer/Toolchains/XcodeDefault.xctoolchain/usr/lib/swift/host/plugins -plugin-path /Applications/Xcode.app/Contents/Developer/Toolchains/XcodeDefault.xctoolchain/usr/local/lib/swift/host/plugins -o /Users/imran/Library/Developer/Xcode/DerivedData/axiom_shsat-ewavnqtjcbvtwzalylmwycqsirlf/Build/Intermediates.noindex/axiom_shsat.build/Debug-iphonesimulator/axiom_shsat.build/Objects-normal/arm64/QuestionService.o -o /Users/imran/Library/Developer/Xcode/DerivedData/axiom_shsat-ewavnqtjcbvtwzalylmwycqsirlf/Build/Intermediates.noindex/axiom_shsat.build/Debug-iphonesimulator/axiom_shsat.build/Objects-normal/arm64/ColorExtensions.o -o /Users/imran/Library/Developer/Xcode/DerivedData/axiom_shsat-ewavnqtjcbvtwzalylmwycqsirlf/Build/Intermediates.noindex/axiom_shsat.build/Debug-iphonesimulator/axiom_shsat.build/Objects-normal/arm64/DateExtensions.o -o /Users/imran/Library/Developer/Xcode/DerivedData/axiom_shsat-ewavnqtjcbvtwzalylmwycqsirlf/Build/Intermediates.noindex/axiom_shsat.build/Debug-iphonesimulator/axiom_shsat.build/Objects-normal/arm64/ErrorHandler.o -o /Users/imran/Library/Developer/Xcode/DerivedData/axiom_shsat-ewavnqtjcbvtwzalylmwycqsirlf/Build/Intermediates.noindex/axiom_shsat.build/Debug-iphonesimulator/axiom_shsat.build/Objects-normal/arm64/MathFormatter.o -index-unit-output-path /axiom_shsat.build/Debug-iphonesimulator/axiom_shsat.build/Objects-normal/arm64/QuestionService.o -index-unit-output-path /axiom_shsat.build/Debug-iphonesimulator/axiom_shsat.build/Objects-normal/arm64/ColorExtensions.o -index-unit-output-path /axiom_shsat.build/Debug-iphonesimulator/axiom_shsat.build/Objects-normal/arm64/DateExtensions.o -index-unit-output-path /axiom_shsat.build/Debug-iphonesimulator/axiom_shsat.build/Objects-normal/arm64/ErrorHandler.o -index-unit-output-path /axiom_shsat.build/Debug-iphonesimulator/axiom_shsat.build/Objects-normal/arm64/MathFormatter.o -index-store-path /Users/imran/Library/Developer/Xcode/DerivedData/axiom_shsat-ewavnqtjcbvtwzalylmwycqsirlf/Index.noindex/DataStore -index-system-modules

Command SwiftCompile failed with a nonzero exit code

Command SwiftCompile failed with a nonzero exit code



Build failed    3/21/25, 5:09PM    1.9 seconds
